<?xml version="1.0" encoding="UTF-8"?>
<!-- Generated by org.testng.reporters.JUnitXMLReporter -->
<testsuite hostname="Marharytas-MacBook-Air.local" ignored="3" name="Regression Test" tests="3" failures="3" timestamp="2020-06-01T19:48:00 EDT" time="1.394" errors="0">
  <testcase name="addEmployee" time="0.019" classname="com.hrms.testcases.AddEmployeeTest">
    <failure type="java.lang.NullPointerException">
      <![CDATA[java.lang.NullPointerException
at com.hrms.utils.ConfigsReader.getProperty(ConfigsReader.java:32)
at com.hrms.testcases.AddEmployeeTest.addEmployee(AddEmployeeTest.java:20)
at java.util.ArrayList.forEach(ArrayList.java:1257)
... Removed 27 stack frames]]>
    </failure>
  </testcase> <!-- addEmployee -->
  <testcase name="addEmployee" time="0.002" classname="com.hrms.testcases.AddEmployeeTest">
    <failure type="java.lang.NullPointerException">
      <![CDATA[java.lang.NullPointerException
at com.hrms.utils.ConfigsReader.getProperty(ConfigsReader.java:32)
at com.hrms.testcases.AddEmployeeTest.addEmployee(AddEmployeeTest.java:20)
at java.util.ArrayList.forEach(ArrayList.java:1257)
... Removed 27 stack frames]]>
    </failure>
  </testcase> <!-- addEmployee -->
  <testcase name="addEmployee" time="0.001" classname="com.hrms.testcases.AddEmployeeTest">
    <failure type="java.lang.NullPointerException">
      <![CDATA[java.lang.NullPointerException
at com.hrms.utils.ConfigsReader.getProperty(ConfigsReader.java:32)
at com.hrms.testcases.AddEmployeeTest.addEmployee(AddEmployeeTest.java:20)
at java.util.ArrayList.forEach(ArrayList.java:1257)
... Removed 27 stack frames]]>
    </failure>
  </testcase> <!-- addEmployee -->
  <testcase name="invalidPasswordLogin" time="0.0" classname="com.hrms.testcases.LoginTest">
    <ignored/>
  </testcase> <!-- invalidPasswordLogin -->
  <testcase name="validAdminLogin" time="0.0" classname="com.hrms.testcases.LoginTest">
    <ignored/>
  </testcase> <!-- validAdminLogin -->
  <testcase name="emptyUsernameLogin" time="0.0" classname="com.hrms.testcases.LoginTest">
    <ignored/>
  </testcase> <!-- emptyUsernameLogin -->
</testsuite> <!-- Regression Test -->
