<?xml version="1.0" encoding="UTF-8"?>
<testng-results skipped="0" failed="0" ignored="6" total="7" passed="1">
  <reporter-output>
  </reporter-output>
  <suite name="Smoke Suite" duration-ms="10320" started-at="2020-06-02T20:27:11 EDT" finished-at="2020-06-02T20:27:21 EDT">
    <groups>
      <group name="smoke">
        <method signature="LoginTest.validAdminLogin()[pri:0, instance:com.hrms.testcases.LoginTest@57536d79]" name="validAdminLogin" class="com.hrms.testcases.LoginTest"/>
      </group> <!-- smoke -->
    </groups>
    <test name="Smoke Test" duration-ms="10320" started-at="2020-06-02T20:27:11 EDT" finished-at="2020-06-02T20:27:21 EDT">
      <class name="com.hrms.testcases.LoginTest">
        <test-method status="PASS" signature="generateReport()[pri:0, instance:com.hrms.testcases.LoginTest@57536d79]" name="generateReport" is-config="true" duration-ms="138" started-at="2020-06-02T20:27:11 EDT" finished-at="2020-06-02T20:27:11 EDT">
          <reporter-output>
          </reporter-output>
        </test-method> <!-- generateReport -->
        <test-method status="PASS" signature="setUp()[pri:0, instance:com.hrms.testcases.LoginTest@57536d79]" name="setUp" is-config="true" duration-ms="3504" started-at="2020-06-02T20:27:11 EDT" finished-at="2020-06-02T20:27:15 EDT">
          <reporter-output>
          </reporter-output>
        </test-method> <!-- setUp -->
        <test-method status="PASS" signature="validAdminLogin()[pri:0, instance:com.hrms.testcases.LoginTest@57536d79]" name="validAdminLogin" duration-ms="4862" started-at="2020-06-02T20:27:15 EDT" finished-at="2020-06-02T20:27:20 EDT">
          <reporter-output>
          </reporter-output>
        </test-method> <!-- validAdminLogin -->
        <test-method status="PASS" signature="tearDown()[pri:0, instance:com.hrms.testcases.LoginTest@57536d79]" name="tearDown" is-config="true" duration-ms="94" started-at="2020-06-02T20:27:21 EDT" finished-at="2020-06-02T20:27:21 EDT">
          <reporter-output>
          </reporter-output>
        </test-method> <!-- tearDown -->
        <test-method status="PASS" signature="writeReport()[pri:0, instance:com.hrms.testcases.LoginTest@57536d79]" name="writeReport" is-config="true" duration-ms="369" started-at="2020-06-02T20:27:21 EDT" finished-at="2020-06-02T20:27:21 EDT">
          <reporter-output>
          </reporter-output>
        </test-method> <!-- writeReport -->
      </class> <!-- com.hrms.testcases.LoginTest -->
    </test> <!-- Smoke Test -->
  </suite> <!-- Smoke Suite -->
</testng-results>
