<?xml version="1.0" encoding="UTF-8"?>
<testng-results skipped="0" failed="0" ignored="6" total="7" passed="1">
  <reporter-output>
  </reporter-output>
  <suite name="Smoke Suite" duration-ms="8277" started-at="2020-06-02T20:23:59 EDT" finished-at="2020-06-02T20:24:08 EDT">
    <groups>
      <group name="smoke">
        <method signature="LoginTest.validAdminLogin()[pri:0, instance:com.hrms.testcases.LoginTest@76b0bfab]" name="validAdminLogin" class="com.hrms.testcases.LoginTest"/>
      </group> <!-- smoke -->
    </groups>
    <test name="Smoke Test" duration-ms="8277" started-at="2020-06-02T20:23:59 EDT" finished-at="2020-06-02T20:24:08 EDT">
      <class name="com.hrms.testcases.LoginTest">
        <test-method status="PASS" signature="generateReport()[pri:0, instance:com.hrms.testcases.LoginTest@76b0bfab]" name="generateReport" is-config="true" duration-ms="179" started-at="2020-06-02T20:23:59 EDT" finished-at="2020-06-02T20:24:00 EDT">
          <reporter-output>
          </reporter-output>
        </test-method> <!-- generateReport -->
        <test-method status="PASS" signature="setUp()[pri:0, instance:com.hrms.testcases.LoginTest@76b0bfab]" name="setUp" is-config="true" duration-ms="3343" started-at="2020-06-02T20:24:00 EDT" finished-at="2020-06-02T20:24:03 EDT">
          <reporter-output>
          </reporter-output>
        </test-method> <!-- setUp -->
        <test-method status="PASS" signature="validAdminLogin()[pri:0, instance:com.hrms.testcases.LoginTest@76b0bfab]" name="validAdminLogin" duration-ms="2886" started-at="2020-06-02T20:24:03 EDT" finished-at="2020-06-02T20:24:06 EDT">
          <reporter-output>
          </reporter-output>
        </test-method> <!-- validAdminLogin -->
        <test-method status="PASS" signature="tearDown()[pri:0, instance:com.hrms.testcases.LoginTest@76b0bfab]" name="tearDown" is-config="true" duration-ms="106" started-at="2020-06-02T20:24:07 EDT" finished-at="2020-06-02T20:24:07 EDT">
          <reporter-output>
          </reporter-output>
        </test-method> <!-- tearDown -->
        <test-method status="PASS" signature="writeReport()[pri:0, instance:com.hrms.testcases.LoginTest@76b0bfab]" name="writeReport" is-config="true" duration-ms="355" started-at="2020-06-02T20:24:07 EDT" finished-at="2020-06-02T20:24:08 EDT">
          <reporter-output>
          </reporter-output>
        </test-method> <!-- writeReport -->
      </class> <!-- com.hrms.testcases.LoginTest -->
    </test> <!-- Smoke Test -->
  </suite> <!-- Smoke Suite -->
</testng-results>
