<?xml version="1.0" encoding="UTF-8"?>
<testng-results skipped="0" failed="0" ignored="0" total="1" passed="1">
  <reporter-output>
  </reporter-output>
  <suite name="Default suite" duration-ms="9148" started-at="2020-05-30T14:03:50 EDT" finished-at="2020-05-30T14:03:59 EDT">
    <groups>
    </groups>
    <test name="Default test" duration-ms="9148" started-at="2020-05-30T14:03:50 EDT" finished-at="2020-05-30T14:03:59 EDT">
      <class name="com.hrms.testcases.LoginTest">
        <test-method status="PASS" signature="setUp()[pri:0, instance:com.hrms.testcases.LoginTest@4d95d2a2]" name="setUp" is-config="true" duration-ms="5832" started-at="2020-05-30T14:03:50 EDT" finished-at="2020-05-30T14:03:56 EDT">
          <reporter-output>
          </reporter-output>
        </test-method> <!-- setUp -->
        <test-method status="PASS" signature="validAdminLogin()[pri:0, instance:com.hrms.testcases.LoginTest@4d95d2a2]" name="validAdminLogin" duration-ms="3112" started-at="2020-05-30T14:03:56 EDT" finished-at="2020-05-30T14:03:59 EDT">
          <reporter-output>
          </reporter-output>
        </test-method> <!-- validAdminLogin -->
        <test-method status="PASS" signature="tearDown()[pri:0, instance:com.hrms.testcases.LoginTest@4d95d2a2]" name="tearDown" is-config="true" duration-ms="163" started-at="2020-05-30T14:03:59 EDT" finished-at="2020-05-30T14:03:59 EDT">
          <reporter-output>
          </reporter-output>
        </test-method> <!-- tearDown -->
      </class> <!-- com.hrms.testcases.LoginTest -->
    </test> <!-- Default test -->
  </suite> <!-- Default suite -->
</testng-results>
